<?xml version="1.0" encoding="UTF-8"?>
<beans xmlns="http://www.springframework.org/schema/beans" 
	   xmlns:xsi="http://www.w3.org/2001/XMLSchema-instance"
	   xmlns:context="http://www.springframework.org/schema/context" 
	   xmlns:aop="http://www.springframework.org/schema/aop"
	   xmlns:tx="http://www.springframework.org/schema/tx"
	   xsi:schemaLocation="
        http://www.springframework.org/schema/beans http://www.springframework.org/schema/beans/spring-beans-4.0.xsd
        http://www.springframework.org/schema/context http://www.springframework.org/schema/context/spring-context-4.0.xsd
     	http://www.springframework.org/schema/tx http://www.springframework.org/schema/tx/spring-tx-4.0.xsd
     	http://www.springframework.org/schema/aop http://www.springframework.org/schema/aop/spring-aop-4.0.xsd">

	<context:component-scan base-package="com.home.digital" >
		<context:include-filter type="annotation" expression="org.springframework.stereotype.Component"/>
		<context:include-filter type="annotation" expression="org.springframework.stereotype.Repository"/>
	 	<context:include-filter type="annotation" expression="org.springframework.stereotype.Service"/>	 	
	 	<context:include-filter type="annotation" expression="org.springframework.context.annotation.Configuration"/>
	 	<context:exclude-filter type="annotation" expression="org.springframework.stereotype.Controller"/>	 	
	</context:component-scan>
	
	<bean class="org.springframework.orm.jpa.support.PersistenceAnnotationBeanPostProcessor" />
	
 	<bean id="bank/db" class="org.springframework.orm.jpa.LocalContainerEntityManagerFactoryBean">
      <property name="dataSource" ref="dataSource1" />
      <property name="packagesToScan" value="com.home.digital.adapter.persistence.model" />
      <property name="jpaVendorAdapter"> 
      <bean class="org.springframework.orm.jpa.vendor.HibernateJpaVendorAdapter" />
      </property>
      <property name="jpaProperties">
         <props>
            <prop key="hibernate.hbm2ddl.auto">validate</prop>
            <prop key="hibernate.dialect">org.hibernate.dialect.HSQLDialect</prop>
            <prop key="hibernate.show_sql">true</prop>
         </props>
      </property>
   </bean>
   
 <!--  
 <jee:jndi-lookup id="dataSource1" jndi-name="jdbc/bank"/>
  -->

	<bean id="transactionManager" class="org.springframework.orm.jpa.JpaTransactionManager">
        <property name="entityManagerFactory" ref="bank/db" />
    </bean>

	<bean id="persistenceExceptionTranslationPostProcessor" class="org.springframework.dao.annotation.PersistenceExceptionTranslationPostProcessor" />
 	<tx:annotation-driven/>

  <bean id="dataSource1" class="org.springframework.jdbc.datasource.DriverManagerDataSource">
      <property name="driverClassName" value="org.hsqldb.jdbc.JDBCDriver" />
      <property name="url" value="jdbc:hsqldb:hsql://localhost/bank" />
      <property name="username" value="sa" />
      <property name="password" value="" />
   </bean> 	

 </beans>

  

 	
